<?xml version="1.0" encoding="UTF-8"?>
<robot generator="Robot 3.2 (Python 3.6.3 on win32)" generated="20200520 11:09:18.934" rpa="false">
<suite id="s1" name="RF" source="C:\Users\kruks\eclipse-workspace\RF">
<suite id="s1-s1" name="TestSuits" source="C:\Users\kruks\eclipse-workspace\RF\TestSuits">
<suite id="s1-s1-s1" name="Standaloneregression" source="C:\Users\kruks\eclipse-workspace\RF\TestSuits\Standaloneregression">
<suite id="s1-s1-s1-s1" name="Run Platform Regression" source="C:\Users\kruks\eclipse-workspace\RF\TestSuits\Standaloneregression\run_platform_regression.robot">
<kw name="Open Connection And Login" library="common_keyword" type="setup">
<doc>Connection established to remote machine 135.250.138.217</doc>
<kw name="Log" library="BuiltIn">
<doc>Logs the given message with the given level.</doc>
<arguments>
<arg>Trying to connect ${HostName}</arg>
</arguments>
<msg timestamp="20200520 11:09:20.710" level="INFO">Trying to connect 135.250.138.217</msg>
<status status="PASS" starttime="20200520 11:09:20.705" endtime="20200520 11:09:20.714"></status>
</kw>
<kw name="Open Connection" library="SSHLibrary">
<doc>Opens a new SSH connection to the given ``host`` and ``port``.</doc>
<arguments>
<arg>${HostName}</arg>
</arguments>
<status status="PASS" starttime="20200520 11:09:20.720" endtime="20200520 11:09:20.721"></status>
</kw>
<kw name="Login" library="SSHLibrary">
<doc>Logs into the SSH server with the given ``username`` and ``password``.</doc>
<arguments>
<arg>${User}</arg>
<arg>${Password}</arg>
</arguments>
<msg timestamp="20200520 11:09:20.724" level="INFO">Logging into '135.250.138.217:22' as 'aorAuto'.</msg>
<msg timestamp="20200520 11:09:22.928" level="INFO">Read output: Last login: Wed May 20 11:00:57 2020 from 10.143.116.18
[aorAuto@pokhran Platform]$</msg>
<msg timestamp="20200520 11:09:22.929" level="INFO">C:\Users\kruks\AppData\Local\Continuum\anaconda3\Lib\site-packages\cryptography\hazmat\backends\openssl\ciphers.py:114: UserWarning: implicit cast from 'char *' to a different pointer type: will be forbidden in the future (check that the types are as you expect; use an explicit ffi.cast() if they are correct)
  operation
C:\Users\kruks\AppData\Local\Continuum\anaconda3\Lib\site-packages\cryptography\hazmat\backends\openssl\ciphers.py:140: UserWarning: implicit cast from 'char *' to a different pointer type: will be forbidden in the future (check that the types are as you expect; use an explicit ffi.cast() if they are correct)
  self._backend._ffi.from_buffer(data), len(data)</msg>
<status status="PASS" starttime="20200520 11:09:20.723" endtime="20200520 11:09:22.933"></status>
</kw>
<status status="PASS" starttime="20200520 11:09:20.701" endtime="20200520 11:09:22.936"></status>
</kw>
<test id="s1-s1-s1-s1-t1" name="Execute AORREG-7686">
<kw name="Run Test Case" library="common_keyword">
<doc>Running platform regression individual test case</doc>
<arguments>
<arg>AORREG-7686</arg>
<arg>PASSED:NEF-E2E:E2E for NSN_2G NEF</arg>
<arg>MBA_E2E</arg>
</arguments>
<kw name="Run Keyword If" library="BuiltIn">
<doc>Runs the given keyword with the given arguments, if ``condition`` is true.</doc>
<arguments>
<arg>'${IS_MULTI_TC}'=='None'</arg>
<arg>Concatinate</arg>
<arg>${TC_ID}</arg>
<arg>.py</arg>
<arg>ELSE</arg>
<arg>Concatinate</arg>
<arg>${IS_MULTI_TC}</arg>
<arg>.py</arg>
</arguments>
<assign>
<var>${TC_NAME}</var>
</assign>
<kw name="Concatinate" library="common_keyword">
<doc>Concatination strings using built in keyword and return results</doc>
<arguments>
<arg>${IS_MULTI_TC}</arg>
<arg>.py</arg>
</arguments>
<kw name="Catenate" library="BuiltIn">
<doc>Catenates the given items together and returns the resulted string.</doc>
<arguments>
<arg>SEPARATOR=</arg>
<arg>${STR1}</arg>
<arg>${STR2}</arg>
</arguments>
<assign>
<var>${CATSTR}</var>
</assign>
<msg timestamp="20200520 11:09:22.975" level="INFO">${CATSTR} = MBA_E2E.py</msg>
<status status="PASS" starttime="20200520 11:09:22.970" endtime="20200520 11:09:22.976"></status>
</kw>
<status status="PASS" starttime="20200520 11:09:22.962" endtime="20200520 11:09:22.978"></status>
</kw>
<msg timestamp="20200520 11:09:22.982" level="INFO">${TC_NAME} = MBA_E2E.py</msg>
<status status="PASS" starttime="20200520 11:09:22.956" endtime="20200520 11:09:22.984"></status>
</kw>
<kw name="Catenate" library="BuiltIn">
<doc>Catenates the given items together and returns the resulted string.</doc>
<arguments>
<arg>SEPARATOR=</arg>
<arg>${Environment}</arg>
<arg>_ENV</arg>
</arguments>
<assign>
<var>${EnvName}</var>
</assign>
<msg timestamp="20200520 11:09:22.988" level="INFO">${EnvName} = RATE4_ENV</msg>
<status status="PASS" starttime="20200520 11:09:22.986" endtime="20200520 11:09:22.989"></status>
</kw>
<kw name="Log" library="BuiltIn">
<doc>Logs the given message with the given level.</doc>
<arguments>
<arg>Executing cd ${AutomationPath};python ${TC_NAME}</arg>
</arguments>
<msg timestamp="20200520 11:09:22.993" level="INFO">Executing cd /home/aorAuto/Automation/AOR/Platform/Regression/Python_Reg_suite/bin/;python MBA_E2E.py</msg>
<status status="PASS" starttime="20200520 11:09:22.991" endtime="20200520 11:09:22.995"></status>
</kw>
<kw name="Run Keyword If" library="BuiltIn">
<doc>Runs the given keyword with the given arguments, if ``condition`` is true.</doc>
<arguments>
<arg>'${IS_MULTI_TC}'=='None'</arg>
<arg>Executing Command</arg>
<arg>cd ${AutomationPath};python ${TC_NAME} ${EnvName}</arg>
<arg>ELSE</arg>
<arg>Executing Command</arg>
<arg>cd ${AutomationPath};python ${TC_NAME} ${EnvName} ${TC_ID} ${TC_ID}</arg>
</arguments>
<assign>
<var>${RESULT}</var>
</assign>
<kw name="Executing Command" library="common_keyword">
<doc>Executing commands in server</doc>
<arguments>
<arg>cd ${AutomationPath};python ${TC_NAME} ${EnvName} ${TC_ID} ${TC_ID}</arg>
</arguments>
<kw name="Execute Command" library="SSHLibrary">
<doc>Executes ``command`` on the remote machine and returns its outputs.</doc>
<arguments>
<arg>${CMD}</arg>
</arguments>
<assign>
<var>${OUTPUT}</var>
</assign>
<msg timestamp="20200520 11:09:23.011" level="INFO">Executing command 'cd /home/aorAuto/Automation/AOR/Platform/Regression/Python_Reg_suite/bin/;python MBA_E2E.py RATE4_ENV AORREG-7686 AORREG-7686'.</msg>
<msg timestamp="20200520 11:11:08.790" level="INFO">Command exited with return code 0.</msg>
<msg timestamp="20200520 11:11:08.793" level="INFO">${OUTPUT} = [94mExexuting: AORREG-7686
[0m
[20/05/2020 20:11:09] [INFO]  Sending /home/aorAuto/Automation/AOR/Platform/Regression/Python_Reg_suite/data/temipdata/mba/NSN_2G.xml event [0m
[94mStarting Temip si...</msg>
<status status="PASS" starttime="20200520 11:09:23.009" endtime="20200520 11:11:08.795"></status>
</kw>
<status status="PASS" starttime="20200520 11:09:23.002" endtime="20200520 11:11:08.800"></status>
</kw>
<msg timestamp="20200520 11:11:08.803" level="INFO">${RESULT} = [94mExexuting: AORREG-7686
[0m
[20/05/2020 20:11:09] [INFO]  Sending /home/aorAuto/Automation/AOR/Platform/Regression/Python_Reg_suite/data/temipdata/mba/NSN_2G.xml event [0m
[94mStarting Temip si...</msg>
<status status="PASS" starttime="20200520 11:09:22.997" endtime="20200520 11:11:08.805"></status>
</kw>
<kw name="Log" library="BuiltIn">
<doc>Logs the given message with the given level.</doc>
<arguments>
<arg>Result of ${TC_ID} is \r\n ${RESULT}</arg>
</arguments>
<msg timestamp="20200520 11:11:08.818" level="WARN">Ignoring space after '\n' is deprecated. For more info see: https://github.com/robotframework/robotframework/issues/3333</msg>
<msg timestamp="20200520 11:11:08.823" level="INFO">Result of AORREG-7686 is 
[94mExexuting: AORREG-7686
[0m
[20/05/2020 20:11:09] [INFO]  Sending /home/aorAuto/Automation/AOR/Platform/Regression/Python_Reg_suite/data/temipdata/mba/NSN_2G.xml event [0m
[94mStarting Temip simulator
[0m

[94mWaiting for 5 secs[0m
[94m-[0m 5%[31m\[0m 10%[34m|[0m 15%[35m/[0m 20%[91m-[0m 25%[93m\[0m 30%[95m|[0m 35%[96m/[0m 40%[94m-[0m 45%[31m\[0m 50%[34m|[0m 55%[35m/[0m 60%[91m-[0m 65%[93m\[0m 70%[95m|[0m 75%[96m/[0m 80%[94m-[0m 85%[31m\[0m 90%[34m|[0m 95%[35m/[0m 100%Done waiting for 5


[94mWaiting for 5 secs[0m
[94m-[0m 5%[31m\[0m 10%[34m|[0m 15%[35m/[0m 20%[91m-[0m 25%[93m\[0m 30%[95m|[0m 35%[96m/[0m 40%[94m-[0m 45%[31m\[0m 50%[34m|[0m 55%[35m/[0m 60%[91m-[0m 65%[93m\[0m 70%[95m|[0m 75%[96m/[0m 80%[94m-[0m 85%[31m\[0m 90%[34m|[0m 95%[35m/[0m 100%Done waiting for 5


[94mWaiting for 5 secs[0m
[94m-[0m 5%[31m\[0m 10%[34m|[0m 15%[35m/[0m 20%[91m-[0m 25%[93m\[0m 30%[95m|[0m 35%[96m/[0m 40%[94m-[0m 45%[31m\[0m 50%[34m|[0m 55%[35m/[0m 60%[91m-[0m 65%[93m\[0m 70%[95m|[0m 75%[96m/[0m 80%[94m-[0m 85%[31m\[0m 90%[34m|[0m 95%[35m/[0m 100%Done waiting for 5


[94mWaiting for 5 secs[0m
[94m-[0m 5%[31m\[0m 10%[34m|[0m 15%[35m/[0m 20%[91m-[0m 25%[93m\[0m 30%[95m|[0m 35%[96m/[0m 40%[94m-[0m 45%[31m\[0m 50%[34m|[0m 55%[35m/[0m 60%[91m-[0m 65%[93m\[0m 70%[95m|[0m 75%[96m/[0m 80%[94m-[0m 85%[31m\[0m 90%[34m|[0m 95%[35m/[0m 100%Done waiting for 5


[94mWaiting for 5 secs[0m
[94m-[0m 5%[31m\[0m 10%[34m|[0m 15%[35m/[0m 20%[91m-[0m 25%[93m\[0m 30%[95m|[0m 35%[96m/[0m 40%[94m-[0m 45%[31m\[0m 50%[34m|[0m 55%[35m/[0m 60%[91m-[0m 65%[93m\[0m 70%[95m|[0m 75%[96m/[0m 80%[94m-[0m 85%[31m\[0m 90%[34m|[0m 95%[35m/[0m 100%Done waiting for 5


[94mWaiting for 5 secs[0m
[94m-[0m 5%[31m\[0m 10%[34m|[0m 15%[35m/[0m 20%[91m-[0m 25%[93m\[0m 30%[95m|[0m 35%[96m/[0m 40%[94m-[0m 45%[31m\[0m 50%[34m|[0m 55%[35m/[0m 60%[91m-[0m 65%[93m\[0m 70%[95m|[0m 75%[96m/[0m 80%[94m-[0m 85%[31m\[0m 90%[34m|[0m 95%[35m/[0m 100%Done waiting for 5


[94mWaiting for 5 secs[0m
[94m-[0m 5%[31m\[0m 10%[34m|[0m 15%[35m/[0m 20%[91m-[0m 25%[93m\[0m 30%[95m|[0m 35%[96m/[0m 40%[94m-[0m 45%[31m\[0m 50%[34m|[0m 55%[35m/[0m 60%[91m-[0m 65%[93m\[0m 70%[95m|[0m 75%[96m/[0m 80%[94m-[0m 85%[31m\[0m 90%[34m|[0m 95%[35m/[0m 100%Done waiting for 5


[94mWaiting for 5 secs[0m
[94m-[0m 5%[31m\[0m 10%[34m|[0m 15%[35m/[0m 20%[91m-[0m 25%[93m\[0m 30%[95m|[0m 35%[96m/[0m 40%[94m-[0m 45%[31m\[0m 50%[34m|[0m 55%[35m/[0m 60%[91m-[0m 65%[93m\[0m 70%[95m|[0m 75%[96m/[0m 80%[94m-[0m 85%[31m\[0m 90%[34m|[0m 95%[35m/[0m 100%Done waiting for 5


[94mWaiting for 5 secs[0m
[94m-[0m 5%[31m\[0m 10%[34m|[0m 15%[35m/[0m 20%[91m-[0m 25%[93m\[0m 30%[95m|[0m 35%[96m/[0m 40%[94m-[0m 45%[31m\[0m 50%[34m|[0m 55%[35m/[0m 60%[91m-[0m 65%[93m\[0m 70%[95m|[0m 75%[96m/[0m 80%[94m-[0m 85%[31m\[0m 90%[34m|[0m 95%[35m/[0m 100%Done waiting for 5


[94mWaiting for 5 secs[0m
[94m-[0m 5%[31m\[0m 10%[34m|[0m 15%[35m/[0m 20%[91m-[0m 25%[93m\[0m 30%[95m|[0m 35%[96m/[0m 40%[94m-[0m 45%[31m\[0m 50%[34m|[0m 55%[35m/[0m 60%[91m-[0m 65%[93m\[0m 70%[95m|[0m 75%[96m/[0m 80%[94m-[0m 85%[31m\[0m 90%[34m|[0m 95%[35m/[0m 100%Done waiting for 5


[94mWaiting for 5 secs[0m
[94m-[0m 5%[31m\[0m 10%[34m|[0m 15%[35m/[0m 20%[91m-[0m 25%[93m\[0m 30%[95m|[0m 35%[96m/[0m 40%[94m-[0m 45%[31m\[0m 50%[34m|[0m 55%[35m/[0m 60%[91m-[0m 65%[93m\[0m 70%[95m|[0m 75%[96m/[0m 80%[94m-[0m 85%[31m\[0m 90%[34m|[0m 95%[35m/[0m 100%Done waiting for 5


[94mWaiting for 5 secs[0m
[94m-[0m 5%[31m\[0m 10%[34m|[0m 15%[35m/[0m 20%[91m-[0m 25%[93m\[0m 30%[95m|[0m 35%[96m/[0m 40%[94m-[0m 45%[31m\[0m 50%[34m|[0m 55%[35m/[0m 60%[91m-[0m 65%[93m\[0m 70%[95m|[0m 75%[96m/[0m 80%[94m-[0m 85%[31m\[0m 90%[34m|[0m 95%[35m/[0m 100%Done waiting for 5


[94mWaiting for 5 secs[0m
[94m-[0m 5%[31m\[0m 10%[34m|[0m 15%[35m/[0m 20%[91m-[0m 25%[93m\[0m 30%[95m|[0m 35%[96m/[0m 40%[94m-[0m 45%[31m\[0m 50%[34m|[0m 55%[35m/[0m 60%[91m-[0m 65%[93m\[0m 70%[95m|[0m 75%[96m/[0m 80%[94m-[0m 85%[31m\[0m 90%[34m|[0m 95%[35m/[0m 100%Done waiting for 5


[94mWaiting for 5 secs[0m
[94m-[0m 5%[31m\[0m 10%[34m|[0m 15%[35m/[0m 20%[91m-[0m 25%[93m\[0m 30%[95m|[0m 35%[96m/[0m 40%[94m-[0m 45%[31m\[0m 50%[34m|[0m 55%[35m/[0m 60%[91m-[0m 65%[93m\[0m 70%[95m|[0m 75%[96m/[0m 80%[94m-[0m 85%[31m\[0m 90%[34m|[0m 95%[35m/[0m 100%Done waiting for 5


[94mWaiting for 5 secs[0m
[94m-[0m 5%[31m\[0m 10%[34m|[0m 15%[35m/[0m 20%[91m-[0m 25%[93m\[0m 30%[95m|[0m 35%[96m/[0m 40%[94m-[0m 45%[31m\[0m 50%[34m|[0m 55%[35m/[0m 60%[91m-[0m 65%[93m\[0m 70%[95m|[0m 75%[96m/[0m 80%[94m-[0m 85%[31m\[0m 90%[34m|[0m 95%[35m/[0m 100%Done waiting for 5


[94mWaiting for 5 secs[0m
[94m-[0m 5%[31m\[0m 10%[34m|[0m 15%[35m/[0m 20%[91m-[0m 25%[93m\[0m 30%[95m|[0m 35%[96m/[0m 40%[94m-[0m 45%[31m\[0m 50%[34m|[0m 55%[35m/[0m 60%[91m-[0m 65%[93m\[0m 70%[95m|[0m 75%[96m/[0m 80%[94m-[0m 85%[31m\[0m 90%[34m|[0m 95%[35m/[0m 100%Done waiting for 5


[94mWaiting for 5 secs[0m
[94m-[0m 5%[31m\[0m 10%[34m|[0m 15%[35m/[0m 20%[91m-[0m 25%[93m\[0m 30%[95m|[0m 35%[96m/[0m 40%[94m-[0m 45%[31m\[0m 50%[34m|[0m 55%[35m/[0m 60%[91m-[0m 65%[93m\[0m 70%[95m|[0m 75%[96m/[0m 80%[94m-[0m 85%[31m\[0m 90%[34m|[0m 95%[35m/[0m 100%Done waiting for 5


[94mWaiting for 5 secs[0m
[94m-[0m 5%[31m\[0m 10%[34m|[0m 15%[35m/[0m 20%[91m-[0m 25%[93m\[0m 30%[95m|[0m 35%[96m/[0m 40%[94m-[0m 45%[31m\[0m 50%[34m|[0m 55%[35m/[0m 60%[91m-[0m 65%[93m\[0m 70%[95m|[0m 75%[96m/[0m 80%[94m-[0m 85%[31m\[0m 90%[34m|[0m 95%[35m/[0m 100%Done waiting for 5


[94mWaiting for 5 secs[0m
[94m-[0m 5%[31m\[0m 10%[34m|[0m 15%[35m/[0m 20%[91m-[0m 25%[93m\[0m 30%[95m|[0m 35%[96m/[0m 40%[94m-[0m 45%[31m\[0m 50%[34m|[0m 55%[35m/[0m 60%[91m-[0m 65%[93m\[0m 70%[95m|[0m 75%[96m/[0m 80%[94m-[0m 85%[31m\[0m 90%[34m|[0m 95%[35m/[0m 100%Done waiting for 5


[94mWaiting for 5 secs[0m
[94m-[0m 5%[31m\[0m 10%[34m|[0m 15%[35m/[0m 20%[91m-[0m 25%[93m\[0m 30%[95m|[0m 35%[96m/[0m 40%[94m-[0m 45%[31m\[0m 50%[34m|[0m 55%[35m/[0m 60%[91m-[0m 65%[93m\[0m 70%[95m|[0m 75%[96m/[0m 80%[94m-[0m 85%[31m\[0m 90%[34m|[0m 95%[35m/[0m 100%Done waiting for 5


[94mWaiting for 5 secs[0m
[94m-[0m 5%[31m\[0m 10%[34m|[0m 15%[35m/[0m 20%[91m-[0m 25%[93m\[0m 30%[95m|[0m 35%[96m/[0m 40%[94m-[0m 45%[31m\[0m 50%[34m|[0m 55%[35m/[0m 60%[91m-[0m 65%[93m\[0m 70%[95m|[0m 75%[96m/[0m 80%[94m-[0m 85%[31m\[0m 90%[34m|[0m 95%[35m/[0m 100%Done waiting for 5

[20/05/2020 20:11:11] [DEBUG]  Seems to be Error on line 771 ERROR: AssertionError Timeout while waiting for temip simulator start

Traceback (most recent call last):
  File "/home/aorAuto/Automation/AOR/Platform/Regression/Python_Reg_suite/lib/CommonLIB.py", line 771, in wrapper
    Test(LOG)
  File "MBA_E2E.py", line 49, in AORREG_7686
    E2E(Alarm,LOG)
  File "MBA_E2E.py", line 31, in E2E
    alarm,RandomNumber = temip.temipPumpAlarm(Alarm,"1234")
  File "/home/aorAuto/Automation/AOR/Platform/Regression/Python_Reg_suite/lib/TemipSimulator.py", line 26, in temipPumpAlarm
    self.temipSimStart()
  File "/home/aorAuto/Automation/AOR/Platform/Regression/Python_Reg_suite/lib/TemipSimulator.py", line 80, in temipSimStart
    assert count!=20,"Timeout while waiting for temip simulator start"
AssertionError: Timeout while waiting for temip simulator start
[94mLog file path:
/home/aorAuto/Automation/AOR/Platform/Regression/Python_Reg_suite/log/AORREG-7686_20_05_2020_11_09_22.log[0m
[20/05/2020 20:11:11] [DEBUG] 
TestCase AORREG-7686 failed after 105.384849072 seconds
[0m
[94mResult file path :
AORREG-7686
[0m
[91m[20/05/2020 20:11:11] [FAIL]  Wed_May_20_2020_11_11_08:AORREG-7686:135.250.193.176:FAILED:NEF-E2E:E2E for NSN_2G NEF

[0m
[93mSkipping test case: AORREG-7687[0m
[93mSkipping test case: AORREG-7678[0m
[93mSkipping test case: AORREG-7689[0m
[93mSkipping test case: AORREG-7690[0m
[93mSkipping test case: AORREG-7676[0m</msg>
<status status="PASS" starttime="20200520 11:11:08.811" endtime="20200520 11:11:08.839"></status>
</kw>
<kw name="Should Contain" library="BuiltIn">
<doc>Fails if ``container`` does not contain ``item`` one or more times.</doc>
<arguments>
<arg>${RESULT}</arg>
<arg>${RESULT_SHOULD_BE}</arg>
</arguments>
<msg timestamp="20200520 11:11:08.854" level="FAIL">'[94mExexuting: AORREG-7686
[0m
[20/05/2020 20:11:09] [INFO]  Sending /home/aorAuto/Automation/AOR/Platform/Regression/Python_Reg_suite/data/temipdata/mba/NSN_2G.xml event [0m
[94mStarting Temip simulator
[0m

[94mWaiting for 5 secs[0m
[94m-[0m 5%[31m\[0m 10%[34m|[0m 15%[35m/[0m 20%[91m-[0m 25%[93m\[0m 30%[95m|[0m 35%[96m/[0m 40%[94m-[0m 45%[31m\[0m 50%[34m|[0m 55%[35m/[0m 60%[91m-[0m 65%[93m\[0m 70%[95m|[0m 75%[96m/[0m 80%[94m-[0m 85%[31m\[0m 90%[34m|[0m 95%[35m/[0m 100%Done waiting for 5


[94mWaiting for 5 secs[0m
[94m-[0m 5%[31m\[0m 10%[34m|[0m 15%[35m/[0m 20%[91m-[0m 25%[93m\[0m 30%[95m|[0m 35%[96m/[0m 40%[94m-[0m 45%[31m\[0m 50%[34m|[0m 55%[35m/[0m 60%[91m-[0m 65%[93m\[0m 70%[95m|[0m 75%[96m/[0m 80%[94m-[0m 85%[31m\[0m 90%[34m|[0m 95%[35m/[0m 100%Done waiting for 5


[94mWaiting for 5 secs[0m
[94m-[0m 5%[31m\[0m 10%[34m|[0m 15%[35m/[0m 20%[91m-[0m 25%[93m\[0m 30%[95m|[0m 35%[96m/[0m 40%[94m-[0m 45%[31m\[0m 50%[34m|[0m 55%[35m/[0m 60%[91m-[0m 65%[93m\[0m 70%[95m|[0m 75%[96m/[0m 80%[94m-[0m 85%[31m\[0m 90%[34m|[0m 95%[35m/[0m 100%Done waiting for 5


[94mWaiting for 5 secs[0m
[94m-[0m 5%[31m\[0m 10%[34m|[0m 15%[35m/[0m 20%[91m-[0m 25%[93m\[0m 30%[95m|[0m 35%[96m/[0m 40%[94m-[0m 45%[31m\[0m 50%[34m|[0m 55%[35m/[0m 60%[91m-[0m 65%[93m\[0m 70%[95m|[0m 75%[96m/[0m 80%[94m-[0m 85%[31m\[0m 90%[34m|[0m 95%[35m/[0m 100%Done waiting for 5


[94mWaiting for 5 secs[0m
[94m-[0m 5%[31m\[0m 10%[34m|[0m 15%[35m/[0m 20%[91m-[0m 25%[93m\[0m 30%[95m|[0m 35%[96m/[0m 40%[94m-[0m 45%[31m\[0m 50%[34m|[0m 55%[35m/[0m 60%[91m-[0m 65%[93m\[0m 70%[95m|[0m 75%[96m/[0m 80%[94m-[0m 85%[31m\[0m 90%[34m|[0m 95%[35m/[0m 100%Done waiting for 5


[94mWaiting for 5 secs[0m
[94m-[0m 5%[31m\[0m 10%[34m|[0m 15%[35m/[0m 20%[91m-[0m 25%[93m\[0m 30%[95m|[0m 35%[96m/[0m 40%[94m-[0m 45%[31m\[0m 50%[34m|[0m 55%[35m/[0m 60%[91m-[0m 65%[93m\[0m 70%[95m|[0m 75%[96m/[0m 80%[94m-[0m 85%[31m\[0m 90%[34m|[0m 95%[35m/[0m 100%Done waiting for 5


[94mWaiting for 5 secs[0m
[94m-[0m 5%[31m\[0m 10%[34m|[0m 15%[35m/[0m 20%[91m-[0m 25%[93m\[0m 30%[95m|[0m 35%[96m/[0m 40%[94m-[0m 45%[31m\[0m 50%[34m|[0m 55%[35m/[0m 60%[91m-[0m 65%[93m\[0m 70%[95m|[0m 75%[96m/[0m 80%[94m-[0m 85%[31m\[0m 90%[34m|[0m 95%[35m/[0m 100%Done waiting for 5


[94mWaiting for 5 secs[0m
[94m-[0m 5%[31m\[0m 10%[34m|[0m 15%[35m/[0m 20%[91m-[0m 25%[93m\[0m 30%[95m|[0m 35%[96m/[0m 40%[94m-[0m 45%[31m\[0m 50%[34m|[0m 55%[35m/[0m 60%[91m-[0m 65%[93m\[0m 70%[95m|[0m 75%[96m/[0m 80%[94m-[0m 85%[31m\[0m 90%[34m|[0m 95%[35m/[0m 100%Done waiting for 5


[94mWaiting for 5 secs[0m
[94m-[0m 5%[31m\[0m 10%[34m|[0m 15%[35m/[0m 20%[91m-[0m 25%[93m\[0m 30%[95m|[0m 35%[96m/[0m 40%[94m-[0m 45%[31m\[0m 50%[34m|[0m 55%[35m/[0m 60%[91m-[0m 65%[93m\[0m 70%[95m|[0m 75%[96m/[0m 80%[94m-[0m 85%[31m\[0m 90%[34m|[0m 95%[35m/[0m 100%Done waiting for 5


[94mWaiting for 5 secs[0m
[94m-[0m 5%[31m\[0m 10%[34m|[0m 15%[35m/[0m 20%[91m-[0m 25%[93m\[0m 30%[95m|[0m 35%[96m/[0m 40%[94m-[0m 45%[31m\[0m 50%[34m|[0m 55%[35m/[0m 60%[91m-[0m 65%[93m\[0m 70%[95m|[0m 75%[96m/[0m 80%[94m-[0m 85%[31m\[0m 90%[34m|[0m 95%[35m/[0m 100%Done waiting for 5


[94mWaiting for 5 secs[0m
[94m-[0m 5%[31m\[0m 10%[34m|[0m 15%[35m/[0m 20%[91m-[0m 25%[93m\[0m 30%[95m|[0m 35%[96m/[0m 40%[94m-[0m 45%[31m\[0m 50%[34m|[0m 55%[35m/[0m 60%[91m-[0m 65%[93m\[0m 70%[95m|[0m 75%[96m/[0m 80%[94m-[0m 85%[31m\[0m 90%[34m|[0m 95%[35m/[0m 100%Done waiting for 5


[94mWaiting for 5 secs[0m
[94m-[0m 5%[31m\[0m 10%[34m|[0m 15%[35m/[0m 20%[91m-[0m 25%[93m\[0m 30%[95m|[0m 35%[96m/[0m 40%[94m-[0m 45%[31m\[0m 50%[34m|[0m 55%[35m/[0m 60%[91m-[0m 65%[93m\[0m 70%[95m|[0m 75%[96m/[0m 80%[94m-[0m 85%[31m\[0m 90%[34m|[0m 95%[35m/[0m 100%Done waiting for 5


[94mWaiting for 5 secs[0m
[94m-[0m 5%[31m\[0m 10%[34m|[0m 15%[35m/[0m 20%[91m-[0m 25%[93m\[0m 30%[95m|[0m 35%[96m/[0m 40%[94m-[0m 45%[31m\[0m 50%[34m|[0m 55%[35m/[0m 60%[91m-[0m 65%[93m\[0m 70%[95m|[0m 75%[96m/[0m 80%[94m-[0m 85%[31m\[0m 90%[34m|[0m 95%[35m/[0m 100%Done waiting for 5


[94mWaiting for 5 secs[0m
[94m-[0m 5%[31m\[0m 10%[34m|[0m 15%[35m/[0m 20%[91m-[0m 25%[93m\[0m 30%[95m|[0m 35%[96m/[0m 40%[94m-[0m 45%[31m\[0m 50%[34m|[0m 55%[35m/[0m 60%[91m-[0m 65%[93m\[0m 70%[95m|[0m 75%[96m/[0m 80%[94m-[0m 85%[31m\[0m 90%[34m|[0m 95%[35m/[0m 100%Done waiting for 5


[94mWaiting for 5 secs[0m
[94m-[0m 5%[31m\[0m 10%[34m|[0m 15%[35m/[0m 20%[91m-[0m 25%[93m\[0m 30%[95m|[0m 35%[96m/[0m 40%[94m-[0m 45%[31m\[0m 50%[34m|[0m 55%[35m/[0m 60%[91m-[0m 65%[93m\[0m 70%[95m|[0m 75%[96m/[0m 80%[94m-[0m 85%[31m\[0m 90%[34m|[0m 95%[35m/[0m 100%Done waiting for 5


[94mWaiting for 5 secs[0m
[94m-[0m 5%[31m\[0m 10%[34m|[0m 15%[35m/[0m 20%[91m-[0m 25%[93m\[0m 30%[95m|[0m 35%[96m/[0m 40%[94m-[0m 45%[31m\[0m 50%[34m|[0m 55%[35m/[0m 60%[91m-[0m 65%[93m\[0m 70%[95m|[0m 75%[96m/[0m 80%[94m-[0m 85%[31m\[0m 90%[34m|[0m 95%[35m/[0m 100%Done waiting for 5


[94mWaiting for 5 secs[0m
[94m-[0m 5%[31m\[0m 10%[34m|[0m 15%[35m/[0m 20%[91m-[0m 25%[93m\[0m 30%[95m|[0m 35%[96m/[0m 40%[94m-[0m 45%[31m\[0m 50%[34m|[0m 55%[35m/[0m 60%[91m-[0m 65%[93m\[0m 70%[95m|[0m 75%[96m/[0m 80%[94m-[0m 85%[31m\[0m 90%[34m|[0m 95%[35m/[0m 100%Done waiting for 5


[94mWaiting for 5 secs[0m
[94m-[0m 5%[31m\[0m 10%[34m|[0m 15%[35m/[0m 20%[91m-[0m 25%[93m\[0m 30%[95m|[0m 35%[96m/[0m 40%[94m-[0m 45%[31m\[0m 50%[34m|[0m 55%[35m/[0m 60%[91m-[0m 65%[93m\[0m 70%[95m|[0m 75%[96m/[0m 80%[94m-[0m 85%[31m\[0m 90%[34m|[0m 95%[35m/[0m 100%Done waiting for 5


[94mWaiting for 5 secs[0m
[94m-[0m 5%[31m\[0m 10%[34m|[0m 15%[35m/[0m 20%[91m-[0m 25%[93m\[0m 30%[95m|[0m 35%[96m/[0m 40%[94m-[0m 45%[31m\[0m 50%[34m|[0m 55%[35m/[0m 60%[91m-[0m 65%[93m\[0m 70%[95m|[0m 75%[96m/[0m 80%[94m-[0m 85%[31m\[0m 90%[34m|[0m 95%[35m/[0m 100%Done waiting for 5


[94mWaiting for 5 secs[0m
[94m-[0m 5%[31m\[0m 10%[34m|[0m 15%[35m/[0m 20%[91m-[0m 25%[93m\[0m 30%[95m|[0m 35%[96m/[0m 40%[94m-[0m 45%[31m\[0m 50%[34m|[0m 55%[35m/[0m 60%[91m-[0m 65%[93m\[0m 70%[95m|[0m 75%[96m/[0m 80%[94m-[0m 85%[31m\[0m 90%[34m|[0m 95%[35m/[0m 100%Done waiting for 5


[94mWaiting for 5 secs[0m
[94m-[0m 5%[31m\[0m 10%[34m|[0m 15%[35m/[0m 20%[91m-[0m 25%[93m\[0m 30%[95m|[0m 35%[96m/[0m 40%[94m-[0m 45%[31m\[0m 50%[34m|[0m 55%[35m/[0m 60%[91m-[0m 65%[93m\[0m 70%[95m|[0m 75%[96m/[0m 80%[94m-[0m 85%[31m\[0m 90%[34m|[0m 95%[35m/[0m 100%Done waiting for 5

[20/05/2020 20:11:11] [DEBUG]  Seems to be Error on line 771 ERROR: AssertionError Timeout while waiting for temip simulator start

Traceback (most recent call last):
  File "/home/aorAuto/Automation/AOR/Platform/Regression/Python_Reg_suite/lib/CommonLIB.py", line 771, in wrapper
    Test(LOG)
  File "MBA_E2E.py", line 49, in AORREG_7686
    E2E(Alarm,LOG)
  File "MBA_E2E.py", line 31, in E2E
    alarm,RandomNumber = temip.temipPumpAlarm(Alarm,"1234")
  File "/home/aorAuto/Automation/AOR/Platform/Regression/Python_Reg_suite/lib/TemipSimulator.py", line 26, in temipPumpAlarm
    self.temipSimStart()
  File "/home/aorAuto/Automation/AOR/Platform/Regression/Python_Reg_suite/lib/TemipSimulator.py", line 80, in temipSimStart
    assert count!=20,"Timeout while waiting for temip simulator start"
AssertionError: Timeout while waiting for temip simulator start
[94mLog file path:
/home/aorAuto/Automation/AOR/Platform/Regression/Python_Reg_suite/log/AORREG-7686_20_05_2020_11_09_22.log[0m
[20/05/2020 20:11:11] [DEBUG] 
TestCase AORREG-7686 failed after 105.384849072 seconds
[0m
[94mResult file path :
AORREG-7686
[0m
[91m[20/05/2020 20:11:11] [FAIL]  Wed_May_20_2020_11_11_08:AORREG-7686:135.250.193.176:FAILED:NEF-E2E:E2E for NSN_2G NEF

[0m
[93mSkipping test case: AORREG-7687[0m
[93mSkipping test case: AORREG-7678[0m
[93mSkipping test case: AORREG-7689[0m
[93mSkipping test case: AORREG-7690[0m
[93mSkipping test case: AORREG-7676[0m' does not contain 'PASSED:NEF-E2E:E2E for NSN_2G NEF'</msg>
<status status="FAIL" starttime="20200520 11:11:08.841" endtime="20200520 11:11:08.870"></status>
</kw>
<status status="FAIL" starttime="20200520 11:09:22.947" endtime="20200520 11:11:08.872"></status>
</kw>
<kw name="Set Log Level" library="BuiltIn" type="teardown">
<doc>Sets the log threshold to the specified level and returns the old level.</doc>
<arguments>
<arg>${LogLevel}</arg>
</arguments>
<msg timestamp="20200520 11:11:08.876" level="INFO">Log level changed from INFO to INFO.</msg>
<status status="PASS" starttime="20200520 11:11:08.874" endtime="20200520 11:11:08.876"></status>
</kw>
<tags>
<tag>NEF-E2E</tag>
</tags>
<status status="FAIL" starttime="20200520 11:09:22.942" endtime="20200520 11:11:08.878" critical="yes">'[94mExexuting: AORREG-7686
[0m
[20/05/2020 20:11:09] [INFO]  Sending /home/aorAuto/Automation/AOR/Platform/Regression/Python_Reg_suite/data/temipdata/mba/NSN_2G.xml event [0m
[94mStarting Temip simulator
[0m

[94mWaiting for 5 secs[0m

[94m-[0m 5%
[31m\[0m 10%
[34m|[0m 15%
[35m/[0m 20%
[91m-[0m 25%
[93m\[0m 30%
[95m|[0m 35%
[96m/[0m 40%
[94m-[0m 45%
[31m\[0m 50%
[34m|[0m 55%
    [ Message content over the limit has been removed. ]
AssertionError: Timeout while waiting for temip simulator start
[94mLog file path:
/home/aorAuto/Automation/AOR/Platform/Regression/Python_Reg_suite/log/AORREG-7686_20_05_2020_11_09_22.log[0m
[20/05/2020 20:11:11] [DEBUG] 
TestCase AORREG-7686 failed after 105.384849072 seconds
[0m
[94mResult file path :
AORREG-7686
[0m
[91m[20/05/2020 20:11:11] [FAIL]  Wed_May_20_2020_11_11_08:AORREG-7686:135.250.193.176:FAILED:NEF-E2E:E2E for NSN_2G NEF

[0m
[93mSkipping test case: AORREG-7687[0m
[93mSkipping test case: AORREG-7678[0m
[93mSkipping test case: AORREG-7689[0m
[93mSkipping test case: AORREG-7690[0m
[93mSkipping test case: AORREG-7676[0m' does not contain 'PASSED:NEF-E2E:E2E for NSN_2G NEF'</status>
</test>
<kw name="Closing Connection" library="common_keyword" type="teardown">
<doc>Closing all opened connection</doc>
<kw name="Close Connection" library="SSHLibrary">
<doc>Closes the current connection.</doc>
<status status="PASS" starttime="20200520 11:11:08.886" endtime="20200520 11:11:08.891"></status>
</kw>
<status status="PASS" starttime="20200520 11:11:08.882" endtime="20200520 11:11:08.894"></status>
</kw>
<doc>Wrapper for Platform regression</doc>
<status status="FAIL" starttime="20200520 11:09:19.358" endtime="20200520 11:11:08.894"></status>
</suite>
<status status="FAIL" starttime="20200520 11:09:19.347" endtime="20200520 11:11:08.902"></status>
</suite>
<status status="FAIL" starttime="20200520 11:09:19.332" endtime="20200520 11:11:08.909"></status>
</suite>
<status status="FAIL" starttime="20200520 11:09:19.242" endtime="20200520 11:11:08.915"></status>
</suite>
<statistics>
<total>
<stat pass="0" fail="1">Critical Tests</stat>
<stat pass="0" fail="1">All Tests</stat>
</total>
<tag>
<stat pass="0" fail="1">NEF-E2E</stat>
</tag>
<suite>
<stat pass="0" fail="1" id="s1" name="RF">RF</stat>
<stat pass="0" fail="1" id="s1-s1" name="TestSuits">RF.TestSuits</stat>
<stat pass="0" fail="1" id="s1-s1-s1" name="Standaloneregression">RF.TestSuits.Standaloneregression</stat>
<stat pass="0" fail="1" id="s1-s1-s1-s1" name="Run Platform Regression">RF.TestSuits.Standaloneregression.Run Platform Regression</stat>
</suite>
</statistics>
<errors>
<msg timestamp="20200520 11:11:08.818" level="WARN">Ignoring space after '\n' is deprecated. For more info see: https://github.com/robotframework/robotframework/issues/3333</msg>
</errors>
</robot>
